<?xml version="1.0" encoding="UTF-8"?>
<!-- Generated by org.testng.reporters.JUnitReportReporter -->
<testsuite hostname="AdityaGupta-FVFG3XDTQ05D" failures="0" tests="3" name="ui.DemoFrameworkAutomationSeq" time="76.878" errors="0" timestamp="2023-06-28T19:52:53 IST" skipped="0">
  <testcase classname="ui.DemoFrameworkAutomationSeq" name="firefoxTest" time="22.312"/>
  <testcase classname="ui.DemoFrameworkAutomationSeq" name="chromeTest" time="37.422"/>
  <testcase classname="ui.DemoFrameworkAutomationSeq" name="safariTest" time="17.144"/>
</testsuite> <!-- ui.DemoFrameworkAutomationSeq -->
