<?xml version="1.0" encoding="UTF-8"?>
<!-- Generated by org.testng.reporters.JUnitReportReporter -->
<testsuite hostname="AdityaGupta-FVFG3XDTQ05D" failures="0" tests="3" name="ui.DemoFrameworkAutomationSeq" time="84.229" errors="0" timestamp="2023-06-29T17:44:02 IST" skipped="0">
  <testcase classname="ui.DemoFrameworkAutomationSeq" name="firefoxTest" time="22.788"/>
  <testcase classname="ui.DemoFrameworkAutomationSeq" name="safariTest" time="19.035"/>
  <testcase classname="ui.DemoFrameworkAutomationSeq" name="chromeTest" time="42.406"/>
</testsuite> <!-- ui.DemoFrameworkAutomationSeq -->
